This is pdfTeX, Version 3.1415926-2.4-1.40.13 (TeX Live 2012/Debian) (format=pdflatex 2013.6.18)  16 NOV 2015 09:35
entering extended mode
 restricted \write18 enabled.
 %&-line parsing enabled.
**instructions.tex
(./instructions.tex
LaTeX2e <2011/06/27>
Babel <v3.8m> and hyphenation patterns for english, dumylang, nohyphenation, lo
aded.
(/usr/share/texlive/texmf-dist/tex/latex/base/article.cls
Document Class: article 2007/10/19 v1.4h Standard LaTeX document class
(/usr/share/texlive/texmf-dist/tex/latex/base/size10.clo
File: size10.clo 2007/10/19 v1.4h Standard LaTeX file (size option)
)
\c@part=\count79
\c@section=\count80
\c@subsection=\count81
\c@subsubsection=\count82
\c@paragraph=\count83
\c@subparagraph=\count84
\c@figure=\count85
\c@table=\count86
\abovecaptionskip=\skip41
\belowcaptionskip=\skip42
\bibindent=\dimen102
)
(/usr/share/texlive/texmf-dist/tex/latex/geometry/geometry.sty
Package: geometry 2010/09/12 v5.6 Page Geometry

(/usr/share/texlive/texmf-dist/tex/latex/graphics/keyval.sty
Package: keyval 1999/03/16 v1.13 key=value parser (DPC)
\KV@toks@=\toks14
)
(/usr/share/texlive/texmf-dist/tex/generic/oberdiek/ifpdf.sty
Package: ifpdf 2011/01/30 v2.3 Provides the ifpdf switch (HO)
Package ifpdf Info: pdfTeX in PDF mode is detected.
)
(/usr/share/texlive/texmf-dist/tex/generic/oberdiek/ifvtex.sty
Package: ifvtex 2010/03/01 v1.5 Detect VTeX and its facilities (HO)
Package ifvtex Info: VTeX not detected.
)
(/usr/share/texlive/texmf-dist/tex/generic/ifxetex/ifxetex.sty
Package: ifxetex 2010/09/12 v0.6 Provides ifxetex conditional
)
\Gm@cnth=\count87
\Gm@cntv=\count88
\c@Gm@tempcnt=\count89
\Gm@bindingoffset=\dimen103
\Gm@wd@mp=\dimen104
\Gm@odd@mp=\dimen105
\Gm@even@mp=\dimen106
\Gm@layoutwidth=\dimen107
\Gm@layoutheight=\dimen108
\Gm@layouthoffset=\dimen109
\Gm@layoutvoffset=\dimen110
\Gm@dimlist=\toks15
)
(/usr/share/texlive/texmf-dist/tex/latex/amscls/amsthm.sty
Package: amsthm 2009/07/02 v2.20.1
\thm@style=\toks16
\thm@bodyfont=\toks17
\thm@headfont=\toks18
\thm@notefont=\toks19
\thm@headpunct=\toks20
\thm@preskip=\skip43
\thm@postskip=\skip44
\thm@headsep=\skip45
\dth@everypar=\toks21
)
(/usr/share/texlive/texmf-dist/tex/latex/fancyhdr/fancyhdr.sty
\fancy@headwidth=\skip46
\f@ncyO@elh=\skip47
\f@ncyO@erh=\skip48
\f@ncyO@olh=\skip49
\f@ncyO@orh=\skip50
\f@ncyO@elf=\skip51
\f@ncyO@erf=\skip52
\f@ncyO@olf=\skip53
\f@ncyO@orf=\skip54
)
(/usr/share/texlive/texmf-dist/tex/latex/lastpage/lastpage.sty
Package: lastpage 2011/09/01 v1.2k Refers to last page's name (HMM; JPG)
)
(/usr/share/texlive/texmf-dist/tex/latex/listings/listings.sty
\lst@mode=\count90
\lst@gtempboxa=\box26
\lst@token=\toks22
\lst@length=\count91
\lst@currlwidth=\dimen111
\lst@column=\count92
\lst@pos=\count93
\lst@lostspace=\dimen112
\lst@width=\dimen113
\lst@newlines=\count94
\lst@lineno=\count95
\lst@maxwidth=\dimen114

(/usr/share/texlive/texmf-dist/tex/latex/listings/lstmisc.sty
File: lstmisc.sty 2007/02/22 1.4 (Carsten Heinz)
\c@lstnumber=\count96
\lst@skipnumbers=\count97
\lst@framebox=\box27
)
(/usr/share/texlive/texmf-dist/tex/latex/listings/listings.cfg
File: listings.cfg 2007/02/22 1.4 listings configuration
))
Package: listings 2007/02/22 1.4 (Carsten Heinz)

(/usr/share/texmf/tex/latex/xcolor/xcolor.sty
Package: xcolor 2007/01/21 v2.11 LaTeX color extensions (UK)

(/usr/share/texlive/texmf-dist/tex/latex/latexconfig/color.cfg
File: color.cfg 2007/01/18 v1.5 color configuration of teTeX/TeXLive
)
Package xcolor Info: Driver file: pdftex.def on input line 225.

(/usr/share/texlive/texmf-dist/tex/latex/pdftex-def/pdftex.def
File: pdftex.def 2011/05/27 v0.06d Graphics/color for pdfTeX

(/usr/share/texlive/texmf-dist/tex/generic/oberdiek/infwarerr.sty
Package: infwarerr 2010/04/08 v1.3 Providing info/warning/error messages (HO)
)
(/usr/share/texlive/texmf-dist/tex/generic/oberdiek/ltxcmds.sty
Package: ltxcmds 2011/11/09 v1.22 LaTeX kernel commands for general use (HO)
)
\Gread@gobject=\count98
)
Package xcolor Info: Model `cmy' substituted by `cmy0' on input line 1337.
Package xcolor Info: Model `hsb' substituted by `rgb' on input line 1341.
Package xcolor Info: Model `RGB' extended on input line 1353.
Package xcolor Info: Model `HTML' substituted by `rgb' on input line 1355.
Package xcolor Info: Model `Hsb' substituted by `hsb' on input line 1356.
Package xcolor Info: Model `tHsb' substituted by `hsb' on input line 1357.
Package xcolor Info: Model `HSB' substituted by `hsb' on input line 1358.
Package xcolor Info: Model `Gray' substituted by `gray' on input line 1359.
Package xcolor Info: Model `wave' substituted by `hsb' on input line 1360.

(/usr/share/texmf/tex/latex/xcolor/svgnam.def
File: svgnam.def 2007/01/21 v2.11 Predefined colors according to SVG 1.1 (UK)
))
\c@x=\count99
\c@inneraxiom=\count100

(/usr/share/texlive/texmf-dist/tex/latex/listings/lstlang1.sty
File: lstlang1.sty 2004/09/05 1.3 listings language file
)
(/usr/share/texlive/texmf-dist/tex/latex/listings/lstlang1.sty
File: lstlang1.sty 2004/09/05 1.3 listings language file
)
(/usr/share/texlive/texmf-dist/tex/latex/listings/lstmisc.sty
File: lstmisc.sty 2007/02/22 1.4 (Carsten Heinz)
)
(./instructions.aux)
\openout1 = `instructions.aux'.

LaTeX Font Info:    Checking defaults for OML/cmm/m/it on input line 48.
LaTeX Font Info:    ... okay on input line 48.
LaTeX Font Info:    Checking defaults for T1/cmr/m/n on input line 48.
LaTeX Font Info:    ... okay on input line 48.
LaTeX Font Info:    Checking defaults for OT1/cmr/m/n on input line 48.
LaTeX Font Info:    ... okay on input line 48.
LaTeX Font Info:    Checking defaults for OMS/cmsy/m/n on input line 48.
LaTeX Font Info:    ... okay on input line 48.
LaTeX Font Info:    Checking defaults for OMX/cmex/m/n on input line 48.
LaTeX Font Info:    ... okay on input line 48.
LaTeX Font Info:    Checking defaults for U/cmr/m/n on input line 48.
LaTeX Font Info:    ... okay on input line 48.

*geometry* driver: auto-detecting
*geometry* detected driver: pdftex
*geometry* verbose mode - [ preamble ] result:
* driver: pdftex
* paper: letterpaper
* layout: <same size as paper>
* layoutoffset:(h,v)=(0.0pt,0.0pt)
* modes: 
* h-part:(L,W,R)=(72.26999pt, 469.75502pt, 72.26999pt)
* v-part:(T,H,B)=(72.26999pt, 650.43001pt, 72.26999pt)
* \paperwidth=614.295pt
* \paperheight=794.96999pt
* \textwidth=469.75502pt
* \textheight=650.43001pt
* \oddsidemargin=0.0pt
* \evensidemargin=0.0pt
* \topmargin=-37.0pt
* \headheight=12.0pt
* \headsep=25.0pt
* \topskip=10.0pt
* \footskip=30.0pt
* \marginparwidth=65.0pt
* \marginparsep=11.0pt
* \columnsep=10.0pt
* \skip\footins=9.0pt plus 4.0pt minus 2.0pt
* \hoffset=0.0pt
* \voffset=0.0pt
* \mag=1000
* \@twocolumnfalse
* \@twosidefalse
* \@mparswitchfalse
* \@reversemarginfalse
* (1in=72.27pt=25.4mm, 1cm=28.453pt)

Package lastpage Info: Please have a look at the pageslts package at
(lastpage)             http://www.ctan.org/tex-archive/ 
(lastpage)             macros/latex/contrib/pageslts/ 
(lastpage)             or
(lastpage)             http://www.ctan.org/tex-archive/ 
(lastpage)             install/macros/latex/contrib/pageslts.tds.zip
(lastpage)             ! on input line 48.
\c@lstlisting=\count101
(/usr/share/texlive/texmf-dist/tex/context/base/supp-pdf.mkii
[Loading MPS to PDF converter (version 2006.09.02).]
\scratchcounter=\count102
\scratchdimen=\dimen115
\scratchbox=\box28
\nofMPsegments=\count103
\nofMParguments=\count104
\everyMPshowfont=\toks23
\MPscratchCnt=\count105
\MPscratchDim=\dimen116
\MPnumerator=\count106
\makeMPintoPDFobject=\count107
\everyMPtoPDFconversion=\toks24
)
LaTeX Font Info:    External font `cmex10' loaded for size
(Font)              <12> on input line 50.
LaTeX Font Info:    External font `cmex10' loaded for size
(Font)              <8> on input line 50.
LaTeX Font Info:    External font `cmex10' loaded for size
(Font)              <6> on input line 50.
LaTeX Font Info:    Try loading font information for OMS+cmr on input line 59.
 (/usr/share/texlive/texmf-dist/tex/latex/base/omscmr.fd
File: omscmr.fd 1999/05/25 v2.5h Standard LaTeX font definitions
)
LaTeX Font Info:    Font shape `OMS/cmr/m/n' in size <10> not available
(Font)              Font shape `OMS/cmsy/m/n' tried instead on input line 59.
 [1

{/var/lib/texmf/fonts/map/pdftex/updmap/pdftex.map}]
LaTeX Font Info:    External font `cmex10' loaded for size
(Font)              <7> on input line 107.
LaTeX Font Info:    External font `cmex10' loaded for size
(Font)              <5> on input line 107.


Package Fancyhdr Warning: \headheight is too small (12.0pt): 
 Make it at least 22.54448pt.
 We now make it that large for the rest of the document.
 This may cause the page layout to be inconsistent, however.

[2] (../src/SortedListInterface.h
LaTeX Font Info:    Font shape `OMS/cmr/m/it' in size <10> not available
(Font)              Font shape `OMS/cmsy/m/n' tried instead on input line 1.
LaTeX Font Info:    Try loading font information for OML+cmr on input line 7.

(/usr/share/texlive/texmf-dist/tex/latex/base/omlcmr.fd
File: omlcmr.fd 1999/05/25 v2.5h Standard LaTeX font definitions
)
LaTeX Font Info:    Font shape `OML/cmr/m/n' in size <10> not available
(Font)              Font shape `OML/cmm/m/it' tried instead on input line 7.
)
(../src/SortedListADT.h [3]) (../src/SortedListADT.cpp) [4]
(../src/ListInterface.h
LaTeX Font Info:    Font shape `OML/cmr/m/it' in size <10> not available
(Font)              Font shape `OML/cmm/m/it' tried instead on input line 24.
 [5]
Overfull \hbox (10.24986pt too wide) in paragraph at lines 68--69
[][][][][][][][][][][][][][][][][][][][][][][][][][][][][][] 
 []

) (../src/ClientDriver.cpp [6]) (../src/ListNode.h [7]
Overfull \hbox (22.24998pt too wide) in paragraph at lines 43--44
[][][][][][][][][][][][][][][][][][][][][][][][] 
 []


Overfull \hbox (88.25066pt too wide) in paragraph at lines 44--45
[][][][][][][][][][][][][][][][][][][][][][][][][][][][] 
 []


Overfull \hbox (46.25023pt too wide) in paragraph at lines 47--48
[][][][][][][][][][][][][][][][][][][][][][][][][][] 
 []


Overfull \hbox (64.25041pt too wide) in paragraph at lines 49--50
[][][][][][][][][][][][][][][][][][][][][][][][][] 
 []


Overfull \hbox (82.2506pt too wide) in paragraph at lines 50--51
[][][][][][][][][][][][][][][][][][][][][][][][][][][][] 
 []


Overfull \hbox (70.25047pt too wide) in paragraph at lines 51--52
[][][][][][][][][][][][][][][][][][][][][][][][][][] 
 []


Overfull \hbox (178.25157pt too wide) in paragraph at lines 52--53
[][][][][][][][][][][][][][][][][][][][][][][][][][][][][][][] 
 []


Overfull \hbox (4.2498pt too wide) in paragraph at lines 53--55
[][][][][][][][][][][][][][][][][][][][][] 
 []

) (../src/ListNode.cpp
Overfull \hbox (34.2501pt too wide) in paragraph at lines 19--20
[][][][][][][][][][][][][][][][][][][][][][][][][][][] 
 []


Overfull \hbox (256.25237pt too wide) in paragraph at lines 23--24
[][][][][][][][][][][][][][][][][][][][][][][][][][][][][][][][][][][] 
 []

) (../src/ListADT.h [8]
Overfull \hbox (4.2498pt too wide) in paragraph at lines 35--36
[][][][][][][][][][][][][][][][][][][][][][][][][][][][][][] 
 []


Overfull \hbox (4.2498pt too wide) in paragraph at lines 36--37
[][][][][][][][][][][][][][][][][][][][][][][][][][][][][] 
 []


Overfull \hbox (196.25175pt too wide) in paragraph at lines 39--41
[][][][][][][][][][][][][][][][][][][][][][][][][][][][][] 
 []


Overfull \hbox (82.2506pt too wide) in paragraph at lines 43--45
[][][][][][][][][][][][][][][][][][][][][][][][][][][][][][][][][][][] 
 []


Overfull \hbox (58.25035pt too wide) in paragraph at lines 45--46
[][][][][][][][][][][][][][][][][][][][][][][][][][][][][][][][][][][] 
 []


Overfull \hbox (16.24992pt too wide) in paragraph at lines 49--50
[][][][][][][][][][][][][][][][][][][][][][][][][][] 
 []


Overfull \hbox (130.25108pt too wide) in paragraph at lines 50--51
[][][][][][][][][][][][][][][][][][][][][][][][][][][][][][][][][][][][] 
 []


Overfull \hbox (34.2501pt too wide) in paragraph at lines 54--55
[][][][][][][][][][][][][][][][][][][][][][][][][][][][][][][][][][][][][][] 
 []

[9]
Overfull \hbox (46.25023pt too wide) in paragraph at lines 59--61
[][][][][][][][][][][][][][][][][][][][][][][][] 
 []


Overfull \hbox (16.24992pt too wide) in paragraph at lines 61--62
[][][][][][][][][][][][][][][][][][][][][][][][][][][][][][][][][][][] 
 []


Overfull \hbox (34.2501pt too wide) in paragraph at lines 63--64
[][][][][][][][][][][][][][][][][][][][][][][][][][][][][][][][][][][][][][] 
 []


Overfull \hbox (112.2509pt too wide) in paragraph at lines 68--70
[][][][][][][][][][][][][][][][][][][][][][][][][][][] 
 []


Overfull \hbox (40.25017pt too wide) in paragraph at lines 71--72
[][][][][][][][][][][][][][][][][][][][][][][][][][][][] 
 []


Overfull \hbox (4.2498pt too wide) in paragraph at lines 74--75
[][][][][][][][][][][][][][][][][][][][][][][][][][][][][][] 
 []


Overfull \hbox (46.25023pt too wide) in paragraph at lines 77--78
[][][][][][][][][][][][][][][][][][][][][][][][][][][][][][] 
 []


Overfull \hbox (46.25023pt too wide) in paragraph at lines 78--79
[][][][][][][][][][][][][][][][][][][][][][][][][][][][][][][] 
 []


Overfull \hbox (64.25041pt too wide) in paragraph at lines 79--80
[][][][][][][][][][][][][][][][][][][][][][][][][][][][][][][][][][][] 
 []


Overfull \hbox (10.24986pt too wide) in paragraph at lines 81--82
[][][][][][][][][][][][][][][][][][][][][][][][][][][][][][] 
 []


Overfull \hbox (46.25023pt too wide) in paragraph at lines 82--83
[][][][][][][][][][][][][][][][][][][][][][][][][][][][][][][][][][] 
 []


Overfull \hbox (46.25023pt too wide) in paragraph at lines 86--87
[][][][][][][][][][][][][][][][][][][][][][][][][][][][] 
 []


Overfull \hbox (46.25023pt too wide) in paragraph at lines 90--91
[][][][][][][][][][][][][][][][][][][][][][][][][][][][][][][][] 
 []


Overfull \hbox (40.25017pt too wide) in paragraph at lines 94--95
[][][][][][][][][][][][][][][][][][][][][][][][][][][][][][][][][][][][][][] 
 []


Overfull \hbox (28.25005pt too wide) in paragraph at lines 97--98
[][][][][][][][][][][][][][][][][][][][][][][][][][][][] 
 []


Overfull \hbox (46.25023pt too wide) in paragraph at lines 101--102
[][][][][][][][][][][][][][][][][][][][][][][][][][][][][][][][][][][][][][] 
 []


Overfull \hbox (94.25072pt too wide) in paragraph at lines 105--106
[][][][][][][][][][][][][][][][][][][][][][][][][][][][][][][][] 
 []


Overfull \hbox (82.2506pt too wide) in paragraph at lines 108--109
[][][][][][][][][][][][][][][][][][][][][][][][][][][][][][][][][][][] 
 []


Overfull \hbox (88.25066pt too wide) in paragraph at lines 109--110
[][][][][][][][][][][][][][][][][][][][][][][][][][][][][][][][][][][][][][][][
][][][][] 
 []


Overfull \hbox (10.24986pt too wide) in paragraph at lines 110--111
[][][][][][][][][][][][][][][][][][][][][][][][][][][][] 
 []


Overfull \hbox (82.2506pt too wide) in paragraph at lines 112--113
[][][][][][][][][][][][][][][][][][][][][][][][][][][][][][][][] 
 []

[10]
Overfull \hbox (100.25078pt too wide) in paragraph at lines 113--114
[][][][][][][][][][][][][][][][][][][][][][][][][][][][][][][][][][][][] 
 []


Overfull \hbox (64.25041pt too wide) in paragraph at lines 118--119
[][][][][][][][][][][][][][][][][][][][][][][][][][][][][][][][][][][][][][][][
] 
 []


Overfull \hbox (64.25041pt too wide) in paragraph at lines 120--121
[][][][][][][][][][][][][][][][][][][][][][][][][][][][][][] 
 []


Overfull \hbox (34.2501pt too wide) in paragraph at lines 121--122
[][][][][][][][][][][][][][][][][][][][][][][][][][][][][][][][][][] 
 []


Overfull \hbox (112.2509pt too wide) in paragraph at lines 125--126
[][][][][][][][][][][][][][][][][][][][][][][][][][][][][][][][][] 
 []


Overfull \hbox (106.25084pt too wide) in paragraph at lines 127--128
[][][][][][][][][][][][][][][][][][][][][][][][][][][][][][][][][][][][][][][][
] 
 []


Overfull \hbox (64.25041pt too wide) in paragraph at lines 131--132
[][][][][][][][][][][][][][][][][][][][][][][][][][][][][][][][][][][][][][][][
] 
 []


Overfull \hbox (40.25017pt too wide) in paragraph at lines 133--134
[][][][][][][][][][][][][][][][][][][][][][][][][][][][][][] 
 []


Overfull \hbox (118.25096pt too wide) in paragraph at lines 136--137
[][][][][][][][][][][][][][][][][][][][][][][][][][][][][][][] 
 []


Overfull \hbox (64.25041pt too wide) in paragraph at lines 137--138
[][][][][][][][][][][][][][][][][][][][][][][][][][][][][][][][][][][][][][][][
] 
 []


Overfull \hbox (76.25053pt too wide) in paragraph at lines 138--139
[][][][][][][][][][][][][][][][][][][][][][][][][][][][][][] 
 []


Overfull \hbox (64.25041pt too wide) in paragraph at lines 139--140
[][][][][][][][][][][][][][][][][][][][][][][][][][][][][][] 
 []


Overfull \hbox (88.25066pt too wide) in paragraph at lines 140--141
[][][][][][][][][][][][][][][][][][][][][][][][][][][][][][][][][][][][] 
 []


Overfull \hbox (64.25041pt too wide) in paragraph at lines 143--144
[][][][][][][][][][][][][][][][][][][][][][][][][][][][][] 
 []


Overfull \hbox (16.24992pt too wide) in paragraph at lines 144--145
[][][][][][][][][][][][][][][][][][][][][][][][][][][][][][][][][][] 
 []


Overfull \hbox (94.25072pt too wide) in paragraph at lines 147--148
[][][][][][][][][][][][][][][][][][][][][][][][][][][][][][][][][][] 
 []


Overfull \hbox (94.25072pt too wide) in paragraph at lines 150--151
[][][][][][][][][][][][][][][][][][][][][][][][][][][][][][][][][][][][][] 
 []


Overfull \hbox (28.25005pt too wide) in paragraph at lines 151--152
[][][][][][][][][][][][][][][][][][][][][][][][][][][][][][][][][][][][] 
 []


Overfull \hbox (100.25078pt too wide) in paragraph at lines 154--155
[][][][][][][][][][][][][][][][][][][][][][][][][][][][][][][][][][][][][][] 
 []


Overfull \hbox (112.2509pt too wide) in paragraph at lines 157--158
[][][][][][][][][][][][][][][][][][][][][][][][][][][][][][][][][] 
 []


Overfull \hbox (148.25127pt too wide) in paragraph at lines 160--161
[][][][][][][][][][][][][][][][][][][][][][][][][][][][][][][][][][][][][][][][
][][] 
 []


Overfull \hbox (118.25096pt too wide) in paragraph at lines 161--162
[][][][][][][][][][][][][][][][][][][][][][][][][][][][][][] 
 []


Overfull \hbox (112.2509pt too wide) in paragraph at lines 164--165
[][][][][][][][][][][][][][][][][][][][][][][][][][][][][][][] 
 []


Overfull \hbox (58.25035pt too wide) in paragraph at lines 166--167
[][][][][][][][][][][][][][][][][][][][][][][][][][] 
 []

[11]
Overfull \hbox (166.25145pt too wide) in paragraph at lines 167--168
[][][][][][][][][][][][][][][][][][][][][][][][][][][][][][][][][][][][] 
 []

) (../src/ListADT.cpp
Overfull \hbox (10.24986pt too wide) in paragraph at lines 35--36
[][][][][][][][][][][][][][][][][][][][][][][][][][][][] 
 []


Overfull \hbox (166.25145pt too wide) in paragraph at lines 38--39
[][][][][][][][][][][][][][][][][][][][][][][][][][][][][][][][][][][][] 
 []


Overfull \hbox (10.24986pt too wide) in paragraph at lines 39--41
[][][][][][][][][][][][][][][][][][][][][][][] 
 []

[12] [13]
Overfull \hbox (22.24998pt too wide) in paragraph at lines 100--102
[][][][][][][][][][][][][][][][][][][][][] 
 []


Overfull \hbox (52.25029pt too wide) in paragraph at lines 105--106
[][][][][][][][][][][][][][][][][][][][][][][][][][][] 
 []


Overfull \hbox (16.24992pt too wide) in paragraph at lines 111--113
[][][][][][][][][][][][][][][][][][][][] 
 []


Overfull \hbox (148.25127pt too wide) in paragraph at lines 113--114
[][][][][][][][][][][][][][][][][][][][][][][][][][][][][][][][][][][] 
 []


Overfull \hbox (82.2506pt too wide) in paragraph at lines 114--115
[][][][][][][][][][][][][][][][][][][][][][][][][][][][][][][] 
 []


Overfull \hbox (16.24992pt too wide) in paragraph at lines 117--118
[][][][][][][][][][][][][][][][][][][][][][][][][][][][] 
 []


Overfull \hbox (16.24992pt too wide) in paragraph at lines 128--129
[][][][][][][][][][][][][][][][][][][][][][][] 
 []


Overfull \hbox (22.24998pt too wide) in paragraph at lines 131--132
[][][][][][][][][][][][][][][][][][][][][][][][][][][][] 
 []

[14]
Overfull \hbox (16.24992pt too wide) in paragraph at lines 156--157
[][][][][][][][][][][][][][][][][][][][][][][][][][][][] 
 []


Overfull \hbox (28.25005pt too wide) in paragraph at lines 157--159
[][][][][][][][][][][][][][][][][][][][][][][][][][][][][][][][] 
 []


Overfull \hbox (22.24998pt too wide) in paragraph at lines 172--173
[][][][][][][][][][][][][][][][][][][][][][][][][][][][] 
 []


Overfull \hbox (82.2506pt too wide) in paragraph at lines 173--174
[][][][][][][][][][][][][][][][][][][][][][][][][][][][][][][][][][][][][][] 
 []


Overfull \hbox (136.25114pt too wide) in paragraph at lines 175--176
[][][][][][][][][][][][][][][][][][][][][][][][][][][][][][][][][][][][][][] 
 []


Overfull \hbox (82.2506pt too wide) in paragraph at lines 195--196
[][][][][][][][][][][][][][][][][][][][][][][][][][][][][][][] 
 []


Overfull \hbox (100.25078pt too wide) in paragraph at lines 196--197
[][][][][][][][][][][][][][][][][][][][][][][][][][][][][][][] 
 []


Overfull \hbox (58.25034pt too wide) in paragraph at lines 203--204
[][][][][][][][][][][][][][][][][][][][][][][][][][][][][] 
 []


Overfull \hbox (124.25102pt too wide) in paragraph at lines 204--205
[][][][][][][][][][][][][][][][][][][][][][][][][][][][][][][][][][][] 
 []

[15]
Overfull \hbox (106.25084pt too wide) in paragraph at lines 236--237
[][][][][][][][][][][][][][][][][][][][][][][][][][][] 
 []


Overfull \hbox (172.25151pt too wide) in paragraph at lines 247--248
[][][][][][][][][][][][][][][][][][][][][][][][][][][][][][] 
 []

[16]
Overfull \hbox (28.25005pt too wide) in paragraph at lines 271--272
[][][][][][][][][][][][][][][][][][][][][][][][][][][][][] 
 []


Overfull \hbox (22.24998pt too wide) in paragraph at lines 272--273
[][][][][][][][][][][][][][][][][][][][][][][][][][] 
 []


Overfull \hbox (4.2498pt too wide) in paragraph at lines 284--285
[][][][][][][][][][][][][][][][][][][][][][][][][][][][] 
 []


Overfull \hbox (40.25017pt too wide) in paragraph at lines 292--293
[][][][][][][][][][][][][][][][][][][][][][][][][][][][][][][] 
 []


Overfull \hbox (10.24986pt too wide) in paragraph at lines 296--297
[][][][][][][][][][][][][][][][][][][][][][][][][][][][][][][][] 
 []


Overfull \hbox (106.25084pt too wide) in paragraph at lines 298--299
[][][][][][][][][][][][][][][][][][][][][][][][][][][][][][][][][][][][] 
 []


Overfull \hbox (82.2506pt too wide) in paragraph at lines 306--307
[][][][][][][][][][][][][][][][][][][][][][][][][][] 
 []

[17]
Overfull \hbox (208.25188pt too wide) in paragraph at lines 316--317
[][][][][][][][][][][][][][][][][][][][][][][][][][][][][][][][][][][][][] 
 []


Overfull \hbox (196.25175pt too wide) in paragraph at lines 317--318
[][][][][][][][][][][][][][][][][][][][][][][][][][][][][][][][][][][][][] 
 []


Overfull \hbox (10.24986pt too wide) in paragraph at lines 318--319
[][][][][][][][][][][][][][][][][][][][][][][][][] 
 []


Overfull \hbox (142.2512pt too wide) in paragraph at lines 319--320
[][][][][][][][][][][][][][][][][][][][][][][][][][][][][][][][][][][][][][][][
][] 
 []

) (../src/Makefile
Overfull \hbox (76.25053pt too wide) in paragraph at lines 30--31
[][][][][][][][][][][][][][][][][][][][][][][][][][][][][][][][][][][][][] 
 []


Overfull \hbox (118.25095pt too wide) in paragraph at lines 35--36
[][][][][][][][][][][][][][][][][][][][][][] 
 []


Overfull \hbox (10.24982pt too wide) in paragraph at lines 36--37
[][][][][][][][][][][][][][][][][][][][][][][][] 
 []

[18]) 
AED: lastpage setting LastPage
[19] (./instructions.aux) ) 
Here is how much of TeX's memory you used:
 4286 strings out of 495059
 57483 string characters out of 3182030
 206267 words of memory out of 3000000
 7430 multiletter control sequences out of 15000+200000
 8409 words of font info for 30 fonts, out of 3000000 for 9000
 14 hyphenation exceptions out of 8191
 32i,12n,58p,1132b,1528s stack positions out of 5000i,500n,10000p,200000b,50000s
</usr/share/texlive/texmf-dist/fonts/type1/public/am
sfonts/cm/cmbx10.pfb></usr/share/texlive/texmf-dist/fonts/type1/public/amsfonts
/cm/cmbx12.pfb></usr/share/texlive/texmf-dist/fonts/type1/public/amsfonts/cm/cm
mi10.pfb></usr/share/texlive/texmf-dist/fonts/type1/public/amsfonts/cm/cmr10.pf
b></usr/share/texlive/texmf-dist/fonts/type1/public/amsfonts/cm/cmr12.pfb></usr
/share/texlive/texmf-dist/fonts/type1/public/amsfonts/cm/cmr17.pfb></usr/share/
texlive/texmf-dist/fonts/type1/public/amsfonts/cm/cmsy10.pfb></usr/share/texliv
e/texmf-dist/fonts/type1/public/amsfonts/cm/cmti10.pfb></usr/share/texlive/texm
f-dist/fonts/type1/public/amsfonts/cm/cmtt10.pfb>
Output written on instructions.pdf (19 pages, 201604 bytes).
PDF statistics:
 102 PDF objects out of 1000 (max. 8388607)
 71 compressed objects within 1 object stream
 0 named destinations out of 1000 (max. 500000)
 1 words of extra memory for PDF output out of 10000 (max. 10000000)

